TN:
SF:src/config/database.js
FN:3,(anonymous_0)
FN:36,(anonymous_1)
FNF:2
FNH:1
FNDA:10,(anonymous_0)
FNDA:0,(anonymous_1)
DA:1,7
DA:3,7
DA:5,10
DA:7,1
DA:8,1
DA:9,1
DA:10,0
DA:13,1
DA:16,9
DA:17,9
DA:18,9
DA:20,9
DA:21,9
DA:22,9
DA:24,9
DA:26,9
DA:27,9
DA:29,9
DA:31,0
DA:32,0
DA:34,0
DA:35,0
DA:36,0
DA:38,0
DA:39,0
DA:45,7
LF:26
LH:18
BRDA:5,0,0,1
BRDA:5,0,1,9
BRDA:7,1,0,1
BRDA:7,1,1,0
BRDA:9,2,0,0
BRDA:9,2,1,1
BRDA:9,3,0,1
BRDA:9,3,1,1
BRDA:18,4,0,9
BRDA:18,4,1,0
BRDA:26,5,0,9
BRDA:26,5,1,0
BRDA:34,6,0,0
BRDA:34,6,1,0
BRF:14
BRH:8
end_of_record
TN:
SF:src/config/passport.js
FN:12,(anonymous_0)
FN:42,(anonymous_1)
FN:46,(anonymous_2)
FNF:3
FNH:1
FNDA:19,(anonymous_0)
FNDA:0,(anonymous_1)
FNDA:0,(anonymous_2)
DA:1,5
DA:2,5
DA:3,5
DA:4,5
DA:6,5
DA:11,5
DA:13,19
DA:14,19
DA:17,2
DA:18,0
DA:20,2
DA:22,17
DA:23,15
DA:24,13
DA:27,2
DA:28,0
DA:30,2
DA:33,2
DA:34,0
DA:36,2
DA:42,5
DA:43,0
DA:46,5
DA:47,0
DA:48,0
DA:49,0
DA:51,0
DA:55,5
LF:28
LH:20
BRDA:8,0,0,5
BRDA:8,0,1,0
BRDA:14,1,0,2
BRDA:14,1,1,17
BRDA:14,2,0,19
BRDA:14,2,1,19
BRDA:17,3,0,0
BRDA:17,3,1,2
BRDA:23,4,0,13
BRDA:23,4,1,2
BRDA:27,5,0,0
BRDA:27,5,1,2
BRDA:33,6,0,0
BRDA:33,6,1,2
BRF:14
BRH:10
end_of_record
TN:
SF:src/controllers/authController.js
FN:5,(anonymous_0)
FN:11,(anonymous_1)
FN:53,(anonymous_2)
FN:99,(anonymous_3)
FNF:4
FNH:4
FNDA:27,(anonymous_0)
FNDA:7,(anonymous_1)
FNDA:30,(anonymous_2)
FNDA:1,(anonymous_3)
DA:1,5
DA:2,5
DA:3,5
DA:5,5
DA:6,27
DA:11,5
DA:12,7
DA:14,7
DA:15,7
DA:16,4
DA:19,3
DA:22,3
DA:23,3
DA:24,2
DA:28,1
DA:35,1
DA:37,1
DA:48,0
DA:49,0
DA:53,5
DA:54,30
DA:56,30
DA:57,30
DA:58,1
DA:61,29
DA:64,29
DA:65,29
DA:66,1
DA:70,28
DA:71,1
DA:75,27
DA:76,27
DA:77,1
DA:81,26
DA:83,26
DA:94,0
DA:95,0
DA:99,5
DA:100,1
DA:101,1
DA:102,1
DA:103,0
DA:105,1
DA:115,0
DA:116,0
LF:45
LH:38
BRDA:6,0,0,27
BRDA:6,0,1,0
BRDA:7,1,0,27
BRDA:7,1,1,0
BRDA:15,2,0,4
BRDA:15,2,1,3
BRDA:23,3,0,2
BRDA:23,3,1,1
BRDA:57,4,0,1
BRDA:57,4,1,29
BRDA:65,5,0,1
BRDA:65,5,1,28
BRDA:70,6,0,1
BRDA:70,6,1,27
BRDA:76,7,0,1
BRDA:76,7,1,26
BRDA:102,8,0,0
BRDA:102,8,1,1
BRF:18
BRH:15
end_of_record
TN:
SF:src/middleware/auth.js
FN:3,(anonymous_0)
FN:4,(anonymous_1)
FN:26,(anonymous_2)
FNF:3
FNH:3
FNDA:23,(anonymous_0)
FNDA:23,(anonymous_1)
FNDA:12,(anonymous_2)
DA:1,5
DA:3,5
DA:4,23
DA:5,23
DA:8,2
DA:9,0
DA:11,2
DA:13,21
DA:16,8
DA:17,0
DA:19,8
DA:21,13
DA:22,13
DA:26,5
DA:27,12
DA:28,8
DA:30,4
DA:33,5
LF:18
LH:16
BRDA:5,0,0,2
BRDA:5,0,1,21
BRDA:8,1,0,0
BRDA:8,1,1,2
BRDA:13,2,0,8
BRDA:13,2,1,13
BRDA:16,3,0,0
BRDA:16,3,1,8
BRDA:27,4,0,8
BRDA:27,4,1,4
BRDA:27,5,0,12
BRDA:27,5,1,12
BRF:12
BRH:10
end_of_record
TN:
SF:src/middleware/errorHandler.js
FN:1,(anonymous_0)
FN:10,(anonymous_1)
FNF:2
FNH:2
FNDA:10,(anonymous_0)
FNDA:2,(anonymous_1)
DA:1,5
DA:4,10
DA:5,0
DA:9,10
DA:10,2
DA:11,1
DA:15,9
DA:16,0
DA:17,0
DA:24,9
DA:25,1
DA:28,8
DA:29,1
DA:33,7
DA:34,2
DA:38,5
DA:44,5
LF:17
LH:14
BRDA:4,0,0,0
BRDA:4,0,1,10
BRDA:9,1,0,1
BRDA:9,1,1,9
BRDA:15,2,0,0
BRDA:15,2,1,9
BRDA:16,3,0,0
BRDA:16,3,1,0
BRDA:16,4,0,0
BRDA:16,4,1,0
BRDA:24,5,0,1
BRDA:24,5,1,8
BRDA:28,6,0,1
BRDA:28,6,1,7
BRDA:33,7,0,2
BRDA:33,7,1,5
BRDA:33,8,0,7
BRDA:33,8,1,6
BRDA:38,9,0,5
BRDA:38,9,1,3
BRDA:39,10,0,5
BRDA:39,10,1,1
BRDA:40,11,0,5
BRDA:40,11,1,0
BRF:24
BRH:17
end_of_record
TN:
SF:src/models/User.js
FN:41,(anonymous_0)
FN:51,(anonymous_1)
FN:56,(anonymous_2)
FNF:3
FNH:3
FNDA:47,(anonymous_0)
FNDA:41,(anonymous_1)
FNDA:6,(anonymous_2)
DA:1,6
DA:2,6
DA:4,6
DA:41,6
DA:42,47
DA:43,1
DA:45,46
DA:46,46
DA:47,46
DA:51,6
DA:52,41
DA:56,6
DA:57,6
DA:58,6
DA:59,6
DA:62,6
LF:16
LH:16
BRDA:42,0,0,1
BRDA:42,0,1,46
BRF:2
BRH:2
end_of_record
TN:
SF:src/routes/authRoutes.js
FNF:0
FNH:0
DA:1,5
DA:2,5
DA:3,5
DA:4,5
DA:5,5
DA:8,5
DA:14,5
DA:20,5
DA:21,5
DA:22,5
DA:24,5
LF:11
LH:11
BRF:0
BRH:0
end_of_record
TN:
SF:src/routes/userRoutes.js
FN:7,(anonymous_0)
FN:18,(anonymous_1)
FN:32,(anonymous_2)
FN:61,(anonymous_3)
FNF:4
FNH:4
FNDA:1,(anonymous_0)
FNDA:3,(anonymous_1)
FNDA:2,(anonymous_2)
FNDA:2,(anonymous_3)
DA:1,5
DA:2,5
DA:3,5
DA:4,5
DA:7,5
DA:8,1
DA:9,1
DA:10,1
DA:12,0
DA:13,0
DA:18,5
DA:19,3
DA:20,3
DA:21,3
DA:22,2
DA:24,1
DA:26,0
DA:27,0
DA:32,5
DA:33,2
DA:34,2
DA:35,2
DA:37,2
DA:38,1
DA:42,1
DA:43,1
DA:44,1
DA:45,1
DA:47,1
DA:50,1
DA:51,1
DA:53,1
DA:55,0
DA:56,0
DA:61,5
DA:62,2
DA:63,2
DA:65,2
DA:66,1
DA:69,1
DA:71,1
DA:73,0
DA:74,0
DA:78,5
LF:44
LH:36
BRDA:21,0,0,2
BRDA:21,0,1,1
BRDA:37,1,0,1
BRDA:37,1,1,1
BRDA:42,2,0,1
BRDA:42,2,1,0
BRDA:43,3,0,0
BRDA:43,3,1,1
BRDA:44,4,0,1
BRDA:44,4,1,0
BRDA:45,5,0,1
BRDA:45,5,1,0
BRDA:65,6,0,1
BRDA:65,6,1,1
BRF:14
BRH:10
end_of_record
