{"/app/src/config/database.js": {"path":"/app/src/config/database.js","statementMap":{"0":{"start":{"line":1,"column":17},"end":{"line":1,"column":36}},"1":{"start":{"line":3,"column":18},"end":{"line":43,"column":1}},"2":{"start":{"line":5,"column":2},"end":{"line":14,"column":3}},"3":{"start":{"line":7,"column":4},"end":{"line":12,"column":5}},"4":{"start":{"line":8,"column":21},"end":{"line":8,"column":57}},"5":{"start":{"line":9,"column":6},"end":{"line":11,"column":7}},"6":{"start":{"line":10,"column":8},"end":{"line":10,"column":97}},"7":{"start":{"line":13,"column":4},"end":{"line":13,"column":11}},"8":{"start":{"line":16,"column":21},"end":{"line":16,"column":22}},"9":{"start":{"line":17,"column":16},"end":{"line":17,"column":17}},"10":{"start":{"line":18,"column":19},"end":{"line":18,"column":81}},"11":{"start":{"line":20,"column":2},"end":{"line":42,"column":3}},"12":{"start":{"line":21,"column":4},"end":{"line":41,"column":5}},"13":{"start":{"line":22,"column":19},"end":{"line":22,"column":51}},"14":{"start":{"line":24,"column":6},"end":{"line":24,"column":64}},"15":{"start":{"line":26,"column":6},"end":{"line":28,"column":7}},"16":{"start":{"line":27,"column":8},"end":{"line":27,"column":88}},"17":{"start":{"line":29,"column":6},"end":{"line":29,"column":13}},"18":{"start":{"line":31,"column":6},"end":{"line":31,"column":16}},"19":{"start":{"line":32,"column":6},"end":{"line":32,"column":101}},"20":{"start":{"line":34,"column":6},"end":{"line":40,"column":7}},"21":{"start":{"line":35,"column":8},"end":{"line":35,"column":48}},"22":{"start":{"line":36,"column":8},"end":{"line":36,"column":66}},"23":{"start":{"line":36,"column":39},"end":{"line":36,"column":64}},"24":{"start":{"line":38,"column":8},"end":{"line":38,"column":78}},"25":{"start":{"line":39,"column":8},"end":{"line":39,"column":24}},"26":{"start":{"line":45,"column":0},"end":{"line":45,"column":27}}},"fnMap":{"0":{"name":"(anonymous_0)","decl":{"start":{"line":3,"column":18},"end":{"line":3,"column":19}},"loc":{"start":{"line":3,"column":30},"end":{"line":43,"column":1}},"line":3},"1":{"name":"(anonymous_1)","decl":{"start":{"line":36,"column":26},"end":{"line":36,"column":27}},"loc":{"start":{"line":36,"column":39},"end":{"line":36,"column":64}},"line":36}},"branchMap":{"0":{"loc":{"start":{"line":5,"column":2},"end":{"line":14,"column":3}},"type":"if","locations":[{"start":{"line":5,"column":2},"end":{"line":14,"column":3}},{"start":{},"end":{}}],"line":5},"1":{"loc":{"start":{"line":7,"column":4},"end":{"line":12,"column":5}},"type":"if","locations":[{"start":{"line":7,"column":4},"end":{"line":12,"column":5}},{"start":{},"end":{}}],"line":7},"2":{"loc":{"start":{"line":9,"column":6},"end":{"line":11,"column":7}},"type":"if","locations":[{"start":{"line":9,"column":6},"end":{"line":11,"column":7}},{"start":{},"end":{}}],"line":9},"3":{"loc":{"start":{"line":9,"column":10},"end":{"line":9,"column":44}},"type":"binary-expr","locations":[{"start":{"line":9,"column":10},"end":{"line":9,"column":16}},{"start":{"line":9,"column":20},"end":{"line":9,"column":44}}],"line":9},"4":{"loc":{"start":{"line":18,"column":19},"end":{"line":18,"column":81}},"type":"binary-expr","locations":[{"start":{"line":18,"column":19},"end":{"line":18,"column":42}},{"start":{"line":18,"column":46},"end":{"line":18,"column":81}}],"line":18},"5":{"loc":{"start":{"line":26,"column":6},"end":{"line":28,"column":7}},"type":"if","locations":[{"start":{"line":26,"column":6},"end":{"line":28,"column":7}},{"start":{},"end":{}}],"line":26},"6":{"loc":{"start":{"line":34,"column":6},"end":{"line":40,"column":7}},"type":"if","locations":[{"start":{"line":34,"column":6},"end":{"line":40,"column":7}},{"start":{"line":37,"column":13},"end":{"line":40,"column":7}}],"line":34}},"s":{"0":9,"1":9,"2":12,"3":1,"4":1,"5":1,"6":0,"7":1,"8":11,"9":11,"10":11,"11":11,"12":11,"13":11,"14":11,"15":11,"16":11,"17":11,"18":0,"19":0,"20":0,"21":0,"22":0,"23":0,"24":0,"25":0,"26":9},"f":{"0":12,"1":0},"b":{"0":[1,11],"1":[1,0],"2":[0,1],"3":[1,1],"4":[11,0],"5":[11,0],"6":[0,0]},"_coverageSchema":"1a1c01bbd47fc00a2c39e90264f33305004495a9","hash":"7cca32057e33382c37cb0799c969b7312434785e"}
,"/app/src/config/passport.js": {"path":"/app/src/config/passport.js","statementMap":{"0":{"start":{"line":1,"column":17},"end":{"line":1,"column":36}},"1":{"start":{"line":2,"column":20},"end":{"line":2,"column":52}},"2":{"start":{"line":3,"column":19},"end":{"line":3,"column":53}},"3":{"start":{"line":4,"column":13},"end":{"line":4,"column":38}},"4":{"start":{"line":6,"column":13},"end":{"line":9,"column":1}},"5":{"start":{"line":11,"column":0},"end":{"line":39,"column":2}},"6":{"start":{"line":13,"column":4},"end":{"line":37,"column":5}},"7":{"start":{"line":14,"column":6},"end":{"line":21,"column":7}},"8":{"start":{"line":17,"column":8},"end":{"line":19,"column":9}},"9":{"start":{"line":18,"column":10},"end":{"line":18,"column":72}},"10":{"start":{"line":20,"column":8},"end":{"line":20,"column":33}},"11":{"start":{"line":22,"column":19},"end":{"line":22,"column":54}},"12":{"start":{"line":23,"column":6},"end":{"line":25,"column":7}},"13":{"start":{"line":24,"column":8},"end":{"line":24,"column":32}},"14":{"start":{"line":27,"column":6},"end":{"line":29,"column":7}},"15":{"start":{"line":28,"column":8},"end":{"line":28,"column":64}},"16":{"start":{"line":30,"column":6},"end":{"line":30,"column":31}},"17":{"start":{"line":33,"column":6},"end":{"line":35,"column":7}},"18":{"start":{"line":34,"column":8},"end":{"line":34,"column":55}},"19":{"start":{"line":36,"column":6},"end":{"line":36,"column":32}},"20":{"start":{"line":42,"column":0},"end":{"line":44,"column":3}},"21":{"start":{"line":43,"column":2},"end":{"line":43,"column":23}},"22":{"start":{"line":46,"column":0},"end":{"line":53,"column":3}},"23":{"start":{"line":47,"column":2},"end":{"line":52,"column":3}},"24":{"start":{"line":48,"column":17},"end":{"line":48,"column":40}},"25":{"start":{"line":49,"column":4},"end":{"line":49,"column":21}},"26":{"start":{"line":51,"column":4},"end":{"line":51,"column":22}},"27":{"start":{"line":55,"column":0},"end":{"line":55,"column":26}}},"fnMap":{"0":{"name":"(anonymous_0)","decl":{"start":{"line":12,"column":24},"end":{"line":12,"column":25}},"loc":{"start":{"line":12,"column":53},"end":{"line":38,"column":3}},"line":12},"1":{"name":"(anonymous_1)","decl":{"start":{"line":42,"column":23},"end":{"line":42,"column":24}},"loc":{"start":{"line":42,"column":39},"end":{"line":44,"column":1}},"line":42},"2":{"name":"(anonymous_2)","decl":{"start":{"line":46,"column":25},"end":{"line":46,"column":26}},"loc":{"start":{"line":46,"column":45},"end":{"line":53,"column":1}},"line":46}},"branchMap":{"0":{"loc":{"start":{"line":8,"column":15},"end":{"line":8,"column":79}},"type":"binary-expr","locations":[{"start":{"line":8,"column":15},"end":{"line":8,"column":37}},{"start":{"line":8,"column":41},"end":{"line":8,"column":79}}],"line":8},"1":{"loc":{"start":{"line":14,"column":6},"end":{"line":21,"column":7}},"type":"if","locations":[{"start":{"line":14,"column":6},"end":{"line":21,"column":7}},{"start":{},"end":{}}],"line":14},"2":{"loc":{"start":{"line":14,"column":10},"end":{"line":14,"column":41}},"type":"binary-expr","locations":[{"start":{"line":14,"column":10},"end":{"line":14,"column":22}},{"start":{"line":14,"column":26},"end":{"line":14,"column":41}}],"line":14},"3":{"loc":{"start":{"line":17,"column":8},"end":{"line":19,"column":9}},"type":"if","locations":[{"start":{"line":17,"column":8},"end":{"line":19,"column":9}},{"start":{},"end":{}}],"line":17},"4":{"loc":{"start":{"line":23,"column":6},"end":{"line":25,"column":7}},"type":"if","locations":[{"start":{"line":23,"column":6},"end":{"line":25,"column":7}},{"start":{},"end":{}}],"line":23},"5":{"loc":{"start":{"line":27,"column":6},"end":{"line":29,"column":7}},"type":"if","locations":[{"start":{"line":27,"column":6},"end":{"line":29,"column":7}},{"start":{},"end":{}}],"line":27},"6":{"loc":{"start":{"line":33,"column":6},"end":{"line":35,"column":7}},"type":"if","locations":[{"start":{"line":33,"column":6},"end":{"line":35,"column":7}},{"start":{},"end":{}}],"line":33}},"s":{"0":7,"1":7,"2":7,"3":7,"4":7,"5":7,"6":117,"7":117,"8":2,"9":0,"10":2,"11":115,"12":113,"13":111,"14":2,"15":0,"16":2,"17":2,"18":0,"19":2,"20":7,"21":0,"22":7,"23":0,"24":0,"25":0,"26":0,"27":7},"f":{"0":117,"1":0,"2":0},"b":{"0":[7,0],"1":[2,115],"2":[117,117],"3":[0,2],"4":[111,2],"5":[0,2],"6":[0,2]},"_coverageSchema":"1a1c01bbd47fc00a2c39e90264f33305004495a9","hash":"ed3ee781124465e80edd7e4916fd2b4edae2a066"}
,"/app/src/controllers/authController.js": {"path":"/app/src/controllers/authController.js","statementMap":{"0":{"start":{"line":1,"column":12},"end":{"line":1,"column":35}},"1":{"start":{"line":2,"column":13},"end":{"line":2,"column":38}},"2":{"start":{"line":3,"column":29},"end":{"line":3,"column":57}},"3":{"start":{"line":5,"column":22},"end":{"line":9,"column":1}},"4":{"start":{"line":6,"column":2},"end":{"line":8,"column":5}},"5":{"start":{"line":11,"column":0},"end":{"line":51,"column":2}},"6":{"start":{"line":12,"column":2},"end":{"line":50,"column":3}},"7":{"start":{"line":14,"column":19},"end":{"line":14,"column":40}},"8":{"start":{"line":15,"column":4},"end":{"line":17,"column":5}},"9":{"start":{"line":16,"column":6},"end":{"line":16,"column":62}},"10":{"start":{"line":19,"column":38},"end":{"line":19,"column":46}},"11":{"start":{"line":22,"column":25},"end":{"line":22,"column":54}},"12":{"start":{"line":23,"column":4},"end":{"line":25,"column":5}},"13":{"start":{"line":24,"column":6},"end":{"line":24,"column":86}},"14":{"start":{"line":28,"column":17},"end":{"line":32,"column":6}},"15":{"start":{"line":35,"column":18},"end":{"line":35,"column":41}},"16":{"start":{"line":37,"column":4},"end":{"line":46,"column":7}},"17":{"start":{"line":48,"column":4},"end":{"line":48,"column":48}},"18":{"start":{"line":49,"column":4},"end":{"line":49,"column":96}},"19":{"start":{"line":53,"column":0},"end":{"line":97,"column":2}},"20":{"start":{"line":54,"column":2},"end":{"line":96,"column":3}},"21":{"start":{"line":56,"column":19},"end":{"line":56,"column":40}},"22":{"start":{"line":57,"column":4},"end":{"line":59,"column":5}},"23":{"start":{"line":58,"column":6},"end":{"line":58,"column":62}},"24":{"start":{"line":61,"column":32},"end":{"line":61,"column":40}},"25":{"start":{"line":64,"column":17},"end":{"line":64,"column":66}},"26":{"start":{"line":65,"column":4},"end":{"line":67,"column":5}},"27":{"start":{"line":66,"column":6},"end":{"line":66,"column":70}},"28":{"start":{"line":70,"column":4},"end":{"line":72,"column":5}},"29":{"start":{"line":71,"column":6},"end":{"line":71,"column":73}},"30":{"start":{"line":75,"column":20},"end":{"line":75,"column":56}},"31":{"start":{"line":76,"column":4},"end":{"line":78,"column":5}},"32":{"start":{"line":77,"column":6},"end":{"line":77,"column":70}},"33":{"start":{"line":81,"column":18},"end":{"line":81,"column":41}},"34":{"start":{"line":83,"column":4},"end":{"line":92,"column":7}},"35":{"start":{"line":94,"column":4},"end":{"line":94,"column":41}},"36":{"start":{"line":95,"column":4},"end":{"line":95,"column":89}},"37":{"start":{"line":99,"column":0},"end":{"line":118,"column":2}},"38":{"start":{"line":100,"column":2},"end":{"line":117,"column":3}},"39":{"start":{"line":101,"column":17},"end":{"line":101,"column":49}},"40":{"start":{"line":102,"column":4},"end":{"line":104,"column":5}},"41":{"start":{"line":103,"column":6},"end":{"line":103,"column":65}},"42":{"start":{"line":105,"column":4},"end":{"line":113,"column":7}},"43":{"start":{"line":115,"column":4},"end":{"line":115,"column":42}},"44":{"start":{"line":116,"column":4},"end":{"line":116,"column":76}}},"fnMap":{"0":{"name":"(anonymous_0)","decl":{"start":{"line":5,"column":22},"end":{"line":5,"column":23}},"loc":{"start":{"line":5,"column":34},"end":{"line":9,"column":1}},"line":5},"1":{"name":"(anonymous_1)","decl":{"start":{"line":11,"column":19},"end":{"line":11,"column":20}},"loc":{"start":{"line":11,"column":39},"end":{"line":51,"column":1}},"line":11},"2":{"name":"(anonymous_2)","decl":{"start":{"line":53,"column":16},"end":{"line":53,"column":17}},"loc":{"start":{"line":53,"column":36},"end":{"line":97,"column":1}},"line":53},"3":{"name":"(anonymous_3)","decl":{"start":{"line":99,"column":16},"end":{"line":99,"column":17}},"loc":{"start":{"line":99,"column":36},"end":{"line":118,"column":1}},"line":99}},"branchMap":{"0":{"loc":{"start":{"line":6,"column":45},"end":{"line":6,"column":109}},"type":"binary-expr","locations":[{"start":{"line":6,"column":45},"end":{"line":6,"column":67}},{"start":{"line":6,"column":71},"end":{"line":6,"column":109}}],"line":6},"1":{"loc":{"start":{"line":7,"column":15},"end":{"line":7,"column":50}},"type":"binary-expr","locations":[{"start":{"line":7,"column":15},"end":{"line":7,"column":41}},{"start":{"line":7,"column":45},"end":{"line":7,"column":50}}],"line":7},"2":{"loc":{"start":{"line":15,"column":4},"end":{"line":17,"column":5}},"type":"if","locations":[{"start":{"line":15,"column":4},"end":{"line":17,"column":5}},{"start":{},"end":{}}],"line":15},"3":{"loc":{"start":{"line":23,"column":4},"end":{"line":25,"column":5}},"type":"if","locations":[{"start":{"line":23,"column":4},"end":{"line":25,"column":5}},{"start":{},"end":{}}],"line":23},"4":{"loc":{"start":{"line":57,"column":4},"end":{"line":59,"column":5}},"type":"if","locations":[{"start":{"line":57,"column":4},"end":{"line":59,"column":5}},{"start":{},"end":{}}],"line":57},"5":{"loc":{"start":{"line":65,"column":4},"end":{"line":67,"column":5}},"type":"if","locations":[{"start":{"line":65,"column":4},"end":{"line":67,"column":5}},{"start":{},"end":{}}],"line":65},"6":{"loc":{"start":{"line":70,"column":4},"end":{"line":72,"column":5}},"type":"if","locations":[{"start":{"line":70,"column":4},"end":{"line":72,"column":5}},{"start":{},"end":{}}],"line":70},"7":{"loc":{"start":{"line":76,"column":4},"end":{"line":78,"column":5}},"type":"if","locations":[{"start":{"line":76,"column":4},"end":{"line":78,"column":5}},{"start":{},"end":{}}],"line":76},"8":{"loc":{"start":{"line":102,"column":4},"end":{"line":104,"column":5}},"type":"if","locations":[{"start":{"line":102,"column":4},"end":{"line":104,"column":5}},{"start":{},"end":{}}],"line":102}},"s":{"0":8,"1":8,"2":8,"3":8,"4":42,"5":8,"6":16,"7":16,"8":16,"9":5,"10":11,"11":11,"12":10,"13":3,"14":7,"15":7,"16":7,"17":1,"18":1,"19":8,"20":42,"21":42,"22":42,"23":1,"24":41,"25":41,"26":41,"27":2,"28":39,"29":2,"30":37,"31":37,"32":2,"33":35,"34":35,"35":0,"36":0,"37":8,"38":79,"39":79,"40":79,"41":1,"42":78,"43":0,"44":0},"f":{"0":42,"1":16,"2":42,"3":79},"b":{"0":[42,0],"1":[42,0],"2":[5,11],"3":[3,7],"4":[1,41],"5":[2,39],"6":[2,37],"7":[2,35],"8":[1,78]},"_coverageSchema":"1a1c01bbd47fc00a2c39e90264f33305004495a9","hash":"12487725cb9d832846f8bf412f428232f0769c18"}
,"/app/src/middleware/auth.js": {"path":"/app/src/middleware/auth.js","statementMap":{"0":{"start":{"line":1,"column":17},"end":{"line":1,"column":36}},"1":{"start":{"line":3,"column":21},"end":{"line":24,"column":1}},"2":{"start":{"line":4,"column":2},"end":{"line":23,"column":21}},"3":{"start":{"line":5,"column":4},"end":{"line":12,"column":5}},"4":{"start":{"line":8,"column":6},"end":{"line":10,"column":7}},"5":{"start":{"line":9,"column":8},"end":{"line":9,"column":61}},"6":{"start":{"line":11,"column":6},"end":{"line":11,"column":23}},"7":{"start":{"line":13,"column":4},"end":{"line":20,"column":5}},"8":{"start":{"line":16,"column":6},"end":{"line":18,"column":7}},"9":{"start":{"line":17,"column":8},"end":{"line":17,"column":73}},"10":{"start":{"line":19,"column":6},"end":{"line":19,"column":63}},"11":{"start":{"line":21,"column":4},"end":{"line":21,"column":20}},"12":{"start":{"line":22,"column":4},"end":{"line":22,"column":11}},"13":{"start":{"line":26,"column":16},"end":{"line":31,"column":1}},"14":{"start":{"line":27,"column":2},"end":{"line":29,"column":3}},"15":{"start":{"line":28,"column":4},"end":{"line":28,"column":18}},"16":{"start":{"line":30,"column":2},"end":{"line":30,"column":88}},"17":{"start":{"line":33,"column":0},"end":{"line":36,"column":2}}},"fnMap":{"0":{"name":"(anonymous_0)","decl":{"start":{"line":3,"column":21},"end":{"line":3,"column":22}},"loc":{"start":{"line":3,"column":41},"end":{"line":24,"column":1}},"line":3},"1":{"name":"(anonymous_1)","decl":{"start":{"line":4,"column":51},"end":{"line":4,"column":52}},"loc":{"start":{"line":4,"column":72},"end":{"line":23,"column":3}},"line":4},"2":{"name":"(anonymous_2)","decl":{"start":{"line":26,"column":16},"end":{"line":26,"column":17}},"loc":{"start":{"line":26,"column":36},"end":{"line":31,"column":1}},"line":26}},"branchMap":{"0":{"loc":{"start":{"line":5,"column":4},"end":{"line":12,"column":5}},"type":"if","locations":[{"start":{"line":5,"column":4},"end":{"line":12,"column":5}},{"start":{},"end":{}}],"line":5},"1":{"loc":{"start":{"line":8,"column":6},"end":{"line":10,"column":7}},"type":"if","locations":[{"start":{"line":8,"column":6},"end":{"line":10,"column":7}},{"start":{},"end":{}}],"line":8},"2":{"loc":{"start":{"line":13,"column":4},"end":{"line":20,"column":5}},"type":"if","locations":[{"start":{"line":13,"column":4},"end":{"line":20,"column":5}},{"start":{},"end":{}}],"line":13},"3":{"loc":{"start":{"line":16,"column":6},"end":{"line":18,"column":7}},"type":"if","locations":[{"start":{"line":16,"column":6},"end":{"line":18,"column":7}},{"start":{},"end":{}}],"line":16},"4":{"loc":{"start":{"line":27,"column":2},"end":{"line":29,"column":3}},"type":"if","locations":[{"start":{"line":27,"column":2},"end":{"line":29,"column":3}},{"start":{},"end":{}}],"line":27},"5":{"loc":{"start":{"line":27,"column":6},"end":{"line":27,"column":43}},"type":"binary-expr","locations":[{"start":{"line":27,"column":6},"end":{"line":27,"column":14}},{"start":{"line":27,"column":18},"end":{"line":27,"column":43}}],"line":27}},"s":{"0":8,"1":8,"2":124,"3":124,"4":3,"5":0,"6":3,"7":121,"8":9,"9":0,"10":9,"11":112,"12":112,"13":8,"14":38,"15":31,"16":7,"17":8},"f":{"0":124,"1":124,"2":38},"b":{"0":[3,121],"1":[0,3],"2":[9,112],"3":[0,9],"4":[31,7],"5":[38,37]},"_coverageSchema":"1a1c01bbd47fc00a2c39e90264f33305004495a9","hash":"cbbfe099bfafe5aad360f4c732f03fa39c8f8ae3"}
,"/app/src/middleware/errorHandler.js": {"path":"/app/src/middleware/errorHandler.js","statementMap":{"0":{"start":{"line":1,"column":21},"end":{"line":42,"column":1}},"1":{"start":{"line":4,"column":2},"end":{"line":6,"column":3}},"2":{"start":{"line":5,"column":4},"end":{"line":5,"column":33}},"3":{"start":{"line":9,"column":2},"end":{"line":12,"column":3}},"4":{"start":{"line":10,"column":21},"end":{"line":10,"column":76}},"5":{"start":{"line":10,"column":62},"end":{"line":10,"column":75}},"6":{"start":{"line":11,"column":4},"end":{"line":11,"column":83}},"7":{"start":{"line":15,"column":2},"end":{"line":21,"column":3}},"8":{"start":{"line":16,"column":18},"end":{"line":16,"column":65}},"9":{"start":{"line":17,"column":4},"end":{"line":20,"column":7}},"10":{"start":{"line":24,"column":2},"end":{"line":26,"column":3}},"11":{"start":{"line":25,"column":4},"end":{"line":25,"column":62}},"12":{"start":{"line":28,"column":2},"end":{"line":30,"column":3}},"13":{"start":{"line":29,"column":4},"end":{"line":29,"column":62}},"14":{"start":{"line":33,"column":2},"end":{"line":35,"column":3}},"15":{"start":{"line":34,"column":4},"end":{"line":34,"column":61}},"16":{"start":{"line":38,"column":2},"end":{"line":41,"column":5}},"17":{"start":{"line":44,"column":0},"end":{"line":44,"column":30}}},"fnMap":{"0":{"name":"(anonymous_0)","decl":{"start":{"line":1,"column":21},"end":{"line":1,"column":22}},"loc":{"start":{"line":1,"column":46},"end":{"line":42,"column":1}},"line":1},"1":{"name":"(anonymous_1)","decl":{"start":{"line":10,"column":51},"end":{"line":10,"column":52}},"loc":{"start":{"line":10,"column":62},"end":{"line":10,"column":75}},"line":10}},"branchMap":{"0":{"loc":{"start":{"line":4,"column":2},"end":{"line":6,"column":3}},"type":"if","locations":[{"start":{"line":4,"column":2},"end":{"line":6,"column":3}},{"start":{},"end":{}}],"line":4},"1":{"loc":{"start":{"line":9,"column":2},"end":{"line":12,"column":3}},"type":"if","locations":[{"start":{"line":9,"column":2},"end":{"line":12,"column":3}},{"start":{},"end":{}}],"line":9},"2":{"loc":{"start":{"line":15,"column":2},"end":{"line":21,"column":3}},"type":"if","locations":[{"start":{"line":15,"column":2},"end":{"line":21,"column":3}},{"start":{},"end":{}}],"line":15},"3":{"loc":{"start":{"line":16,"column":18},"end":{"line":16,"column":65}},"type":"binary-expr","locations":[{"start":{"line":16,"column":18},"end":{"line":16,"column":54}},{"start":{"line":16,"column":58},"end":{"line":16,"column":65}}],"line":16},"4":{"loc":{"start":{"line":16,"column":30},"end":{"line":16,"column":50}},"type":"binary-expr","locations":[{"start":{"line":16,"column":30},"end":{"line":16,"column":44}},{"start":{"line":16,"column":48},"end":{"line":16,"column":50}}],"line":16},"5":{"loc":{"start":{"line":24,"column":2},"end":{"line":26,"column":3}},"type":"if","locations":[{"start":{"line":24,"column":2},"end":{"line":26,"column":3}},{"start":{},"end":{}}],"line":24},"6":{"loc":{"start":{"line":28,"column":2},"end":{"line":30,"column":3}},"type":"if","locations":[{"start":{"line":28,"column":2},"end":{"line":30,"column":3}},{"start":{},"end":{}}],"line":28},"7":{"loc":{"start":{"line":33,"column":2},"end":{"line":35,"column":3}},"type":"if","locations":[{"start":{"line":33,"column":2},"end":{"line":35,"column":3}},{"start":{},"end":{}}],"line":33},"8":{"loc":{"start":{"line":33,"column":6},"end":{"line":33,"column":74}},"type":"binary-expr","locations":[{"start":{"line":33,"column":6},"end":{"line":33,"column":40}},{"start":{"line":33,"column":44},"end":{"line":33,"column":74}}],"line":33},"9":{"loc":{"start":{"line":38,"column":13},"end":{"line":38,"column":30}},"type":"binary-expr","locations":[{"start":{"line":38,"column":13},"end":{"line":38,"column":23}},{"start":{"line":38,"column":27},"end":{"line":38,"column":30}}],"line":38},"10":{"loc":{"start":{"line":39,"column":13},"end":{"line":39,"column":42}},"type":"binary-expr","locations":[{"start":{"line":39,"column":13},"end":{"line":39,"column":24}},{"start":{"line":39,"column":28},"end":{"line":39,"column":42}}],"line":39},"11":{"loc":{"start":{"line":40,"column":8},"end":{"line":40,"column":70}},"type":"binary-expr","locations":[{"start":{"line":40,"column":8},"end":{"line":40,"column":46}},{"start":{"line":40,"column":50},"end":{"line":40,"column":70}}],"line":40}},"s":{"0":8,"1":22,"2":1,"3":22,"4":3,"5":6,"6":3,"7":19,"8":2,"9":2,"10":17,"11":2,"12":15,"13":2,"14":13,"15":4,"16":9,"17":8},"f":{"0":22,"1":6},"b":{"0":[1,21],"1":[3,19],"2":[2,17],"3":[2,1],"4":[2,0],"5":[2,15],"6":[2,13],"7":[4,9],"8":[13,11],"9":[9,6],"10":[9,2],"11":[9,1]},"_coverageSchema":"1a1c01bbd47fc00a2c39e90264f33305004495a9","hash":"7fa6b863c11bd6732f417f5d9e172c26e49ad6d6"}
,"/app/src/models/User.js": {"path":"/app/src/models/User.js","statementMap":{"0":{"start":{"line":1,"column":17},"end":{"line":1,"column":36}},"1":{"start":{"line":2,"column":15},"end":{"line":2,"column":32}},"2":{"start":{"line":4,"column":19},"end":{"line":38,"column":1}},"3":{"start":{"line":41,"column":0},"end":{"line":48,"column":3}},"4":{"start":{"line":42,"column":2},"end":{"line":44,"column":3}},"5":{"start":{"line":43,"column":4},"end":{"line":43,"column":18}},"6":{"start":{"line":45,"column":15},"end":{"line":45,"column":39}},"7":{"start":{"line":46,"column":2},"end":{"line":46,"column":57}},"8":{"start":{"line":47,"column":2},"end":{"line":47,"column":9}},"9":{"start":{"line":51,"column":0},"end":{"line":53,"column":2}},"10":{"start":{"line":52,"column":2},"end":{"line":52,"column":64}},"11":{"start":{"line":56,"column":0},"end":{"line":60,"column":2}},"12":{"start":{"line":57,"column":14},"end":{"line":57,"column":29}},"13":{"start":{"line":58,"column":2},"end":{"line":58,"column":22}},"14":{"start":{"line":59,"column":2},"end":{"line":59,"column":13}},"15":{"start":{"line":62,"column":0},"end":{"line":62,"column":52}}},"fnMap":{"0":{"name":"(anonymous_0)","decl":{"start":{"line":41,"column":23},"end":{"line":41,"column":24}},"loc":{"start":{"line":41,"column":45},"end":{"line":48,"column":1}},"line":41},"1":{"name":"(anonymous_1)","decl":{"start":{"line":51,"column":37},"end":{"line":51,"column":38}},"loc":{"start":{"line":51,"column":72},"end":{"line":53,"column":1}},"line":51},"2":{"name":"(anonymous_2)","decl":{"start":{"line":56,"column":28},"end":{"line":56,"column":29}},"loc":{"start":{"line":56,"column":40},"end":{"line":60,"column":1}},"line":56}},"branchMap":{"0":{"loc":{"start":{"line":42,"column":2},"end":{"line":44,"column":3}},"type":"if","locations":[{"start":{"line":42,"column":2},"end":{"line":44,"column":3}},{"start":{},"end":{}}],"line":42}},"s":{"0":8,"1":8,"2":8,"3":8,"4":64,"5":1,"6":63,"7":63,"8":63,"9":8,"10":49,"11":8,"12":138,"13":138,"14":138,"15":8},"f":{"0":64,"1":49,"2":138},"b":{"0":[1,63]},"_coverageSchema":"1a1c01bbd47fc00a2c39e90264f33305004495a9","hash":"0c626631611ceb3ed1efb3c12cad7894d820332a"}
,"/app/src/routes/authRoutes.js": {"path":"/app/src/routes/authRoutes.js","statementMap":{"0":{"start":{"line":1,"column":16},"end":{"line":1,"column":34}},"1":{"start":{"line":2,"column":15},"end":{"line":2,"column":31}},"2":{"start":{"line":3,"column":17},"end":{"line":3,"column":45}},"3":{"start":{"line":4,"column":23},"end":{"line":4,"column":63}},"4":{"start":{"line":5,"column":25},"end":{"line":5,"column":54}},"5":{"start":{"line":8,"column":27},"end":{"line":12,"column":1}},"6":{"start":{"line":14,"column":24},"end":{"line":17,"column":1}},"7":{"start":{"line":20,"column":0},"end":{"line":20,"column":70}},"8":{"start":{"line":21,"column":0},"end":{"line":21,"column":61}},"9":{"start":{"line":22,"column":0},"end":{"line":22,"column":54}},"10":{"start":{"line":24,"column":0},"end":{"line":24,"column":24}}},"fnMap":{},"branchMap":{},"s":{"0":7,"1":7,"2":7,"3":7,"4":7,"5":7,"6":7,"7":7,"8":7,"9":7,"10":7},"f":{},"b":{},"_coverageSchema":"1a1c01bbd47fc00a2c39e90264f33305004495a9","hash":"ee9b7a742d8d4be559948cbc4ffe76bd5ba9383d"}
,"/app/src/routes/userRoutes.js": {"path":"/app/src/routes/userRoutes.js","statementMap":{"0":{"start":{"line":1,"column":16},"end":{"line":1,"column":34}},"1":{"start":{"line":2,"column":15},"end":{"line":2,"column":31}},"2":{"start":{"line":3,"column":13},"end":{"line":3,"column":38}},"3":{"start":{"line":4,"column":34},"end":{"line":4,"column":63}},"4":{"start":{"line":7,"column":0},"end":{"line":15,"column":3}},"5":{"start":{"line":8,"column":2},"end":{"line":14,"column":3}},"6":{"start":{"line":9,"column":18},"end":{"line":9,"column":79}},"7":{"start":{"line":10,"column":4},"end":{"line":10,"column":24}},"8":{"start":{"line":12,"column":4},"end":{"line":12,"column":45}},"9":{"start":{"line":13,"column":4},"end":{"line":13,"column":76}},"10":{"start":{"line":18,"column":0},"end":{"line":29,"column":3}},"11":{"start":{"line":19,"column":2},"end":{"line":28,"column":3}},"12":{"start":{"line":20,"column":17},"end":{"line":20,"column":71}},"13":{"start":{"line":21,"column":4},"end":{"line":23,"column":5}},"14":{"start":{"line":22,"column":6},"end":{"line":22,"column":65}},"15":{"start":{"line":24,"column":4},"end":{"line":24,"column":23}},"16":{"start":{"line":26,"column":4},"end":{"line":26,"column":44}},"17":{"start":{"line":27,"column":4},"end":{"line":27,"column":76}},"18":{"start":{"line":32,"column":0},"end":{"line":58,"column":3}},"19":{"start":{"line":33,"column":2},"end":{"line":57,"column":3}},"20":{"start":{"line":34,"column":44},"end":{"line":34,"column":52}},"21":{"start":{"line":35,"column":17},"end":{"line":35,"column":51}},"22":{"start":{"line":37,"column":4},"end":{"line":39,"column":5}},"23":{"start":{"line":38,"column":6},"end":{"line":38,"column":65}},"24":{"start":{"line":42,"column":4},"end":{"line":42,"column":45}},"25":{"start":{"line":42,"column":28},"end":{"line":42,"column":45}},"26":{"start":{"line":43,"column":4},"end":{"line":43,"column":48}},"27":{"start":{"line":43,"column":29},"end":{"line":43,"column":48}},"28":{"start":{"line":44,"column":4},"end":{"line":44,"column":45}},"29":{"start":{"line":44,"column":28},"end":{"line":44,"column":45}},"30":{"start":{"line":45,"column":4},"end":{"line":45,"column":57}},"31":{"start":{"line":45,"column":32},"end":{"line":45,"column":57}},"32":{"start":{"line":47,"column":4},"end":{"line":47,"column":22}},"33":{"start":{"line":50,"column":25},"end":{"line":50,"column":40}},"34":{"start":{"line":51,"column":4},"end":{"line":51,"column":33}},"35":{"start":{"line":53,"column":4},"end":{"line":53,"column":37}},"36":{"start":{"line":55,"column":4},"end":{"line":55,"column":47}},"37":{"start":{"line":56,"column":4},"end":{"line":56,"column":76}},"38":{"start":{"line":61,"column":0},"end":{"line":76,"column":3}},"39":{"start":{"line":62,"column":2},"end":{"line":75,"column":3}},"40":{"start":{"line":63,"column":17},"end":{"line":63,"column":51}},"41":{"start":{"line":65,"column":4},"end":{"line":67,"column":5}},"42":{"start":{"line":66,"column":6},"end":{"line":66,"column":65}},"43":{"start":{"line":69,"column":4},"end":{"line":69,"column":48}},"44":{"start":{"line":71,"column":4},"end":{"line":71,"column":55}},"45":{"start":{"line":73,"column":4},"end":{"line":73,"column":47}},"46":{"start":{"line":74,"column":4},"end":{"line":74,"column":76}},"47":{"start":{"line":78,"column":0},"end":{"line":78,"column":24}}},"fnMap":{"0":{"name":"(anonymous_0)","decl":{"start":{"line":7,"column":39},"end":{"line":7,"column":40}},"loc":{"start":{"line":7,"column":59},"end":{"line":15,"column":1}},"line":7},"1":{"name":"(anonymous_1)","decl":{"start":{"line":18,"column":42},"end":{"line":18,"column":43}},"loc":{"start":{"line":18,"column":62},"end":{"line":29,"column":1}},"line":18},"2":{"name":"(anonymous_2)","decl":{"start":{"line":32,"column":42},"end":{"line":32,"column":43}},"loc":{"start":{"line":32,"column":62},"end":{"line":58,"column":1}},"line":32},"3":{"name":"(anonymous_3)","decl":{"start":{"line":61,"column":45},"end":{"line":61,"column":46}},"loc":{"start":{"line":61,"column":65},"end":{"line":76,"column":1}},"line":61}},"branchMap":{"0":{"loc":{"start":{"line":21,"column":4},"end":{"line":23,"column":5}},"type":"if","locations":[{"start":{"line":21,"column":4},"end":{"line":23,"column":5}},{"start":{},"end":{}}],"line":21},"1":{"loc":{"start":{"line":37,"column":4},"end":{"line":39,"column":5}},"type":"if","locations":[{"start":{"line":37,"column":4},"end":{"line":39,"column":5}},{"start":{},"end":{}}],"line":37},"2":{"loc":{"start":{"line":42,"column":4},"end":{"line":42,"column":45}},"type":"if","locations":[{"start":{"line":42,"column":4},"end":{"line":42,"column":45}},{"start":{},"end":{}}],"line":42},"3":{"loc":{"start":{"line":43,"column":4},"end":{"line":43,"column":48}},"type":"if","locations":[{"start":{"line":43,"column":4},"end":{"line":43,"column":48}},{"start":{},"end":{}}],"line":43},"4":{"loc":{"start":{"line":44,"column":4},"end":{"line":44,"column":45}},"type":"if","locations":[{"start":{"line":44,"column":4},"end":{"line":44,"column":45}},{"start":{},"end":{}}],"line":44},"5":{"loc":{"start":{"line":45,"column":4},"end":{"line":45,"column":57}},"type":"if","locations":[{"start":{"line":45,"column":4},"end":{"line":45,"column":57}},{"start":{},"end":{}}],"line":45},"6":{"loc":{"start":{"line":65,"column":4},"end":{"line":67,"column":5}},"type":"if","locations":[{"start":{"line":65,"column":4},"end":{"line":67,"column":5}},{"start":{},"end":{}}],"line":65}},"s":{"0":7,"1":7,"2":7,"3":7,"4":7,"5":22,"6":22,"7":22,"8":0,"9":0,"10":7,"11":4,"12":4,"13":4,"14":2,"15":2,"16":0,"17":0,"18":7,"19":2,"20":2,"21":2,"22":2,"23":1,"24":1,"25":1,"26":1,"27":0,"28":1,"29":1,"30":1,"31":1,"32":1,"33":1,"34":1,"35":1,"36":0,"37":0,"38":7,"39":2,"40":2,"41":2,"42":1,"43":1,"44":1,"45":0,"46":0,"47":7},"f":{"0":22,"1":4,"2":2,"3":2},"b":{"0":[2,2],"1":[1,1],"2":[1,0],"3":[0,1],"4":[1,0],"5":[1,0],"6":[1,1]},"_coverageSchema":"1a1c01bbd47fc00a2c39e90264f33305004495a9","hash":"a32d810129923e28ee15449084293944139aab86"}
}
