TN:
SF:src/config/database.js
FN:3,(anonymous_0)
FN:36,(anonymous_1)
FNF:2
FNH:1
FNDA:12,(anonymous_0)
FNDA:0,(anonymous_1)
DA:1,9
DA:3,9
DA:5,12
DA:7,1
DA:8,1
DA:9,1
DA:10,0
DA:13,1
DA:16,11
DA:17,11
DA:18,11
DA:20,11
DA:21,11
DA:22,11
DA:24,11
DA:26,11
DA:27,11
DA:29,11
DA:31,0
DA:32,0
DA:34,0
DA:35,0
DA:36,0
DA:38,0
DA:39,0
DA:45,9
LF:26
LH:18
BRDA:5,0,0,1
BRDA:5,0,1,11
BRDA:7,1,0,1
BRDA:7,1,1,0
BRDA:9,2,0,0
BRDA:9,2,1,1
BRDA:9,3,0,1
BRDA:9,3,1,1
BRDA:18,4,0,11
BRDA:18,4,1,0
BRDA:26,5,0,11
BRDA:26,5,1,0
BRDA:34,6,0,0
BRDA:34,6,1,0
BRF:14
BRH:8
end_of_record
TN:
SF:src/config/passport.js
FN:12,(anonymous_0)
FN:42,(anonymous_1)
FN:46,(anonymous_2)
FNF:3
FNH:1
FNDA:117,(anonymous_0)
FNDA:0,(anonymous_1)
FNDA:0,(anonymous_2)
DA:1,7
DA:2,7
DA:3,7
DA:4,7
DA:6,7
DA:11,7
DA:13,117
DA:14,117
DA:17,2
DA:18,0
DA:20,2
DA:22,115
DA:23,113
DA:24,111
DA:27,2
DA:28,0
DA:30,2
DA:33,2
DA:34,0
DA:36,2
DA:42,7
DA:43,0
DA:46,7
DA:47,0
DA:48,0
DA:49,0
DA:51,0
DA:55,7
LF:28
LH:20
BRDA:8,0,0,7
BRDA:8,0,1,0
BRDA:14,1,0,2
BRDA:14,1,1,115
BRDA:14,2,0,117
BRDA:14,2,1,117
BRDA:17,3,0,0
BRDA:17,3,1,2
BRDA:23,4,0,111
BRDA:23,4,1,2
BRDA:27,5,0,0
BRDA:27,5,1,2
BRDA:33,6,0,0
BRDA:33,6,1,2
BRF:14
BRH:10
end_of_record
TN:
SF:src/controllers/authController.js
FN:5,(anonymous_0)
FN:11,(anonymous_1)
FN:53,(anonymous_2)
FN:99,(anonymous_3)
FNF:4
FNH:4
FNDA:42,(anonymous_0)
FNDA:16,(anonymous_1)
FNDA:42,(anonymous_2)
FNDA:79,(anonymous_3)
DA:1,8
DA:2,8
DA:3,8
DA:5,8
DA:6,42
DA:11,8
DA:12,16
DA:14,16
DA:15,16
DA:16,5
DA:19,11
DA:22,11
DA:23,10
DA:24,3
DA:28,7
DA:35,7
DA:37,7
DA:48,1
DA:49,1
DA:53,8
DA:54,42
DA:56,42
DA:57,42
DA:58,1
DA:61,41
DA:64,41
DA:65,41
DA:66,2
DA:70,39
DA:71,2
DA:75,37
DA:76,37
DA:77,2
DA:81,35
DA:83,35
DA:94,0
DA:95,0
DA:99,8
DA:100,79
DA:101,79
DA:102,79
DA:103,1
DA:105,78
DA:115,0
DA:116,0
LF:45
LH:41
BRDA:6,0,0,42
BRDA:6,0,1,0
BRDA:7,1,0,42
BRDA:7,1,1,0
BRDA:15,2,0,5
BRDA:15,2,1,11
BRDA:23,3,0,3
BRDA:23,3,1,7
BRDA:57,4,0,1
BRDA:57,4,1,41
BRDA:65,5,0,2
BRDA:65,5,1,39
BRDA:70,6,0,2
BRDA:70,6,1,37
BRDA:76,7,0,2
BRDA:76,7,1,35
BRDA:102,8,0,1
BRDA:102,8,1,78
BRF:18
BRH:16
end_of_record
TN:
SF:src/middleware/auth.js
FN:3,(anonymous_0)
FN:4,(anonymous_1)
FN:26,(anonymous_2)
FNF:3
FNH:3
FNDA:124,(anonymous_0)
FNDA:124,(anonymous_1)
FNDA:38,(anonymous_2)
DA:1,8
DA:3,8
DA:4,124
DA:5,124
DA:8,3
DA:9,0
DA:11,3
DA:13,121
DA:16,9
DA:17,0
DA:19,9
DA:21,112
DA:22,112
DA:26,8
DA:27,38
DA:28,31
DA:30,7
DA:33,8
LF:18
LH:16
BRDA:5,0,0,3
BRDA:5,0,1,121
BRDA:8,1,0,0
BRDA:8,1,1,3
BRDA:13,2,0,9
BRDA:13,2,1,112
BRDA:16,3,0,0
BRDA:16,3,1,9
BRDA:27,4,0,31
BRDA:27,4,1,7
BRDA:27,5,0,38
BRDA:27,5,1,37
BRF:12
BRH:10
end_of_record
TN:
SF:src/middleware/errorHandler.js
FN:1,(anonymous_0)
FN:10,(anonymous_1)
FNF:2
FNH:2
FNDA:22,(anonymous_0)
FNDA:6,(anonymous_1)
DA:1,8
DA:4,22
DA:5,1
DA:9,22
DA:10,6
DA:11,3
DA:15,19
DA:16,2
DA:17,2
DA:24,17
DA:25,2
DA:28,15
DA:29,2
DA:33,13
DA:34,4
DA:38,9
DA:44,8
LF:17
LH:17
BRDA:4,0,0,1
BRDA:4,0,1,21
BRDA:9,1,0,3
BRDA:9,1,1,19
BRDA:15,2,0,2
BRDA:15,2,1,17
BRDA:16,3,0,2
BRDA:16,3,1,1
BRDA:16,4,0,2
BRDA:16,4,1,0
BRDA:24,5,0,2
BRDA:24,5,1,15
BRDA:28,6,0,2
BRDA:28,6,1,13
BRDA:33,7,0,4
BRDA:33,7,1,9
BRDA:33,8,0,13
BRDA:33,8,1,11
BRDA:38,9,0,9
BRDA:38,9,1,6
BRDA:39,10,0,9
BRDA:39,10,1,2
BRDA:40,11,0,9
BRDA:40,11,1,1
BRF:24
BRH:23
end_of_record
TN:
SF:src/models/User.js
FN:41,(anonymous_0)
FN:51,(anonymous_1)
FN:56,(anonymous_2)
FNF:3
FNH:3
FNDA:64,(anonymous_0)
FNDA:49,(anonymous_1)
FNDA:138,(anonymous_2)
DA:1,8
DA:2,8
DA:4,8
DA:41,8
DA:42,64
DA:43,1
DA:45,63
DA:46,63
DA:47,63
DA:51,8
DA:52,49
DA:56,8
DA:57,138
DA:58,138
DA:59,138
DA:62,8
LF:16
LH:16
BRDA:42,0,0,1
BRDA:42,0,1,63
BRF:2
BRH:2
end_of_record
TN:
SF:src/routes/authRoutes.js
FNF:0
FNH:0
DA:1,7
DA:2,7
DA:3,7
DA:4,7
DA:5,7
DA:8,7
DA:14,7
DA:20,7
DA:21,7
DA:22,7
DA:24,7
LF:11
LH:11
BRF:0
BRH:0
end_of_record
TN:
SF:src/routes/userRoutes.js
FN:7,(anonymous_0)
FN:18,(anonymous_1)
FN:32,(anonymous_2)
FN:61,(anonymous_3)
FNF:4
FNH:4
FNDA:22,(anonymous_0)
FNDA:4,(anonymous_1)
FNDA:2,(anonymous_2)
FNDA:2,(anonymous_3)
DA:1,7
DA:2,7
DA:3,7
DA:4,7
DA:7,7
DA:8,22
DA:9,22
DA:10,22
DA:12,0
DA:13,0
DA:18,7
DA:19,4
DA:20,4
DA:21,4
DA:22,2
DA:24,2
DA:26,0
DA:27,0
DA:32,7
DA:33,2
DA:34,2
DA:35,2
DA:37,2
DA:38,1
DA:42,1
DA:43,1
DA:44,1
DA:45,1
DA:47,1
DA:50,1
DA:51,1
DA:53,1
DA:55,0
DA:56,0
DA:61,7
DA:62,2
DA:63,2
DA:65,2
DA:66,1
DA:69,1
DA:71,1
DA:73,0
DA:74,0
DA:78,7
LF:44
LH:36
BRDA:21,0,0,2
BRDA:21,0,1,2
BRDA:37,1,0,1
BRDA:37,1,1,1
BRDA:42,2,0,1
BRDA:42,2,1,0
BRDA:43,3,0,0
BRDA:43,3,1,1
BRDA:44,4,0,1
BRDA:44,4,1,0
BRDA:45,5,0,1
BRDA:45,5,1,0
BRDA:65,6,0,1
BRDA:65,6,1,1
BRF:14
BRH:10
end_of_record
